<?xml version="1.0" encoding="UTF-8"?>
<!-- Generated by org.testng.reporters.JUnitReportReporter -->
<testsuite hostname="DESKTOP-E7GVH0Q" name="teligram.teligram_s.App" tests="1" failures="0" timestamp="14 Jun 2020 16:16:41 GMT" time="45.843" errors="0">
  <testcase name="teligram" time="45.843" classname="teligram.teligram_s.App"/>
</testsuite> <!-- teligram.teligram_s.App -->
